<?xml version="1.0" encoding="UTF-8"?>
<testng-results ignored="0" total="3" passed="3" failed="0" skipped="0">
  <reporter-output>
  </reporter-output>
  <suite started-at="2021-05-16T10:37:33 SGT" name="Suite" finished-at="2021-05-16T10:37:59 SGT" duration-ms="26473">
    <groups>
    </groups>
    <test started-at="2021-05-16T10:37:33 SGT" name="TestB" finished-at="2021-05-16T10:37:57 SGT" duration-ms="24845">
      <class name="packOne.tests.TestB">
        <test-method signature="testB()[pri:0, instance:packOne.tests.TestB@6e20b53a]" started-at="2021-05-16T10:37:33 SGT" name="testB" finished-at="2021-05-16T10:37:53 SGT" duration-ms="20554" status="PASS">
          <reporter-output>
          </reporter-output>
        </test-method> <!-- testB -->
        <test-method is-config="true" signature="quitBrowser()[pri:0, instance:packOne.tests.TestB@6e20b53a]" started-at="2021-05-16T10:37:53 SGT" name="quitBrowser" finished-at="2021-05-16T10:37:57 SGT" duration-ms="4238" status="PASS">
          <reporter-output>
          </reporter-output>
        </test-method> <!-- quitBrowser -->
      </class> <!-- packOne.tests.TestB -->
    </test> <!-- TestB -->
    <test started-at="2021-05-16T10:37:33 SGT" name="TestA" finished-at="2021-05-16T10:37:58 SGT" duration-ms="25006">
      <class name="packOne.tests.TestA">
        <test-method signature="testA()[pri:0, instance:packOne.tests.TestA@34b7ac2f]" started-at="2021-05-16T10:37:33 SGT" name="testA" finished-at="2021-05-16T10:37:57 SGT" duration-ms="24071" status="PASS">
          <reporter-output>
          </reporter-output>
        </test-method> <!-- testA -->
        <test-method is-config="true" signature="quitBrowser()[pri:0, instance:packOne.tests.TestA@34b7ac2f]" started-at="2021-05-16T10:37:57 SGT" name="quitBrowser" finished-at="2021-05-16T10:37:58 SGT" duration-ms="888" status="PASS">
          <reporter-output>
          </reporter-output>
        </test-method> <!-- quitBrowser -->
      </class> <!-- packOne.tests.TestA -->
    </test> <!-- TestA -->
    <test started-at="2021-05-16T10:37:33 SGT" name="TestC" finished-at="2021-05-16T10:37:59 SGT" duration-ms="26473">
      <class name="packOne.tests.TestC">
        <test-method signature="testC()[pri:0, instance:packOne.tests.TestC@3bb9a3ff]" started-at="2021-05-16T10:37:33 SGT" name="testC" finished-at="2021-05-16T10:37:58 SGT" duration-ms="25343" status="PASS">
          <reporter-output>
          </reporter-output>
        </test-method> <!-- testC -->
        <test-method is-config="true" signature="quitBrowser()[pri:0, instance:packOne.tests.TestC@3bb9a3ff]" started-at="2021-05-16T10:37:58 SGT" name="quitBrowser" finished-at="2021-05-16T10:37:59 SGT" duration-ms="1084" status="PASS">
          <reporter-output>
          </reporter-output>
        </test-method> <!-- quitBrowser -->
      </class> <!-- packOne.tests.TestC -->
    </test> <!-- TestC -->
  </suite> <!-- Suite -->
</testng-results>
